#
# There is insufficient memory for the Java Runtime Environment to continue.
# Native memory allocation (mmap) failed to map 134217728 bytes for G1 virtual space
# Possible reasons:
#   The system is out of physical RAM or swap space
#   The process is running with CompressedOops enabled, and the Java Heap may be blocking the growth of the native heap
# Possible solutions:
#   Reduce memory load on the system
#   Increase physical memory or swap space
#   Check if swap backing store is full
#   Decrease Java heap size (-Xmx/-Xms)
#   Decrease number of Java threads
#   Decrease Java thread stack sizes (-Xss)
#   Set larger code cache with -XX:ReservedCodeCacheSize=
#   JVM is running with Unscaled Compressed Oops mode in which the Java heap is
#     placed in the first 4GB address space. The Java Heap base address is the
#     maximum limit for the native heap growth. Please use -XX:HeapBaseMinAddress
#     to set the Java Heap base and to place the Java Heap above 4GB virtual address.
# This output file may be truncated or incomplete.
#
#  Out of Memory Error (os_windows.cpp:3532), pid=8044, tid=14496
#
# JRE version:  (17.0.2+8) (build )
# Java VM: OpenJDK 64-Bit Server VM (17.0.2+8-86, mixed mode, sharing, tiered, compressed oops, compressed class ptrs, g1 gc, windows-amd64)
# No core dump will be written. Minidumps are not enabled by default on client versions of Windows
#

---------------  S U M M A R Y ------------

Command Line: -Dfile.encoding=UTF-8 --module-path=X:\T-Systems\Study\NetbeansProjects\VideoCourse\build\classes Homework.Lesson8.Lesson8_2Test

Host: Intel(R) Core(TM)2 Quad CPU    Q8300  @ 2.50GHz, 4 cores, 7G,  Windows 10 , 64 bit Build 19041 (10.0.19041.1503)
Time: Thu Feb 17 14:38:07 2022 RTZ 2 (s 10 , 64 bit Build 19041 (10.0.19041.1503) elapsed time: 0.078959 seconds (0d 0h 0m 0s)

---------------  T H R E A D  ---------------

Current thread (0x00000269cdb5b4d0):  JavaThread "Unknown thread" [_thread_in_vm, id=14496, stack(0x000000a467500000,0x000000a467600000)]

Stack: [0x000000a467500000,0x000000a467600000]
Native frames: (J=compiled Java code, j=interpreted, Vv=VM code, C=native code)
V  [jvm.dll+0x670baa]
V  [jvm.dll+0x7cfcb4]
V  [jvm.dll+0x7d145e]
V  [jvm.dll+0x7d1ac3]
V  [jvm.dll+0x242bc5]
V  [jvm.dll+0x66dac9]
V  [jvm.dll+0x662412]
V  [jvm.dll+0x300c0b]
V  [jvm.dll+0x3081a6]
V  [jvm.dll+0x357d0e]
V  [jvm.dll+0x357f3f]
V  [jvm.dll+0x2d7ec8]
V  [jvm.dll+0x2d8e34]
V  [jvm.dll+0x7a18c1]
V  [jvm.dll+0x365a91]
V  [jvm.dll+0x780d2c]
V  [jvm.dll+0x3e845f]
V  [jvm.dll+0x3e9f01]
C  [jli.dll+0x527b]
C  [ucrtbase.dll+0x21bb2]
C  [KERNEL32.DLL+0x17034]
C  [ntdll.dll+0x52651]


---------------  P R O C E S S  ---------------

Threads class SMR info:
_java_thread_list=0x00007ffb14389858, length=0, elements={
}

Java Threads: ( => current thread )

Other Threads:
  0x00000269cdb99bd0 GCTaskThread "GC Thread#0" [stack: 0x000000a467600000,0x000000a467700000] [id=15036]
  0x00000269cdbabb20 ConcurrentGCThread "G1 Main Marker" [stack: 0x000000a467700000,0x000000a467800000] [id=14096]
  0x00000269cdbac530 ConcurrentGCThread "G1 Conc#0" [stack: 0x000000a467800000,0x000000a467900000] [id=6396]

[error occurred during error reporting (printing all threads), id 0xc0000005, EXCEPTION_ACCESS_VIOLATION (0xc0000005) at pc=0x00007ffb13bd88a7]

VM state: not at safepoint (not fully initialized)

VM Mutex/Monitor currently owned by a thread:  ([mutex/lock_event])
[0x00000269cdb58670] Heap_lock - owner thread: 0x00000269cdb5b4d0

Heap address: 0x0000000080000000, size: 2048 MB, Compressed Oops mode: 32-bit

CDS archive(s) mapped at: [0x0000000000000000-0x0000000000000000-0x0000000000000000), size 0, SharedBaseAddress: 0x0000000800000000, ArchiveRelocationMode: 0.
Narrow klass base: 0x0000000000000000, Narrow klass shift: 0, Narrow klass range: 0x0

GC Precious Log:
<Empty>

Heap:
 garbage-first heap   total 0K, used 0K [0x0000000080000000, 0x0000000100000000)
  region size 1024K, 0 young (0K), 0 survivors (0K)

[error occurred during error reporting (printing heap information), id 0xc0000005, EXCEPTION_ACCESS_VIOLATION (0xc0000005) at pc=0x00007ffb13fb9f19]

GC Heap History (0 events):
No events

Deoptimization events (0 events):
No events

Classes unloaded (0 events):
No events

Classes redefined (0 events):
No events

Internal exceptions (0 events):
No events

VM Operations (0 events):
No events

Events (1 events):
Event: 0.016 Loaded shared library C:\Java\JavaVirtualMachines\jdk-17.0.2\bin\java.dll


Dynamic libraries:
0x00007ff625be0000 - 0x00007ff625bee000 	C:\Java\JavaVirtualMachines\jdk-17.0.2\bin\java.exe
0x00007ffb295d0000 - 0x00007ffb297c5000 	C:\WINDOWS\SYSTEM32\ntdll.dll
0x00007ffb27e30000 - 0x00007ffb27eee000 	C:\WINDOWS\System32\KERNEL32.DLL
0x00007ffb27200000 - 0x00007ffb274c8000 	C:\WINDOWS\System32\KERNELBASE.dll
0x00007ffb26df0000 - 0x00007ffb26ef0000 	C:\WINDOWS\System32\ucrtbase.dll
0x00007ffb228c0000 - 0x00007ffb228d8000 	C:\Java\JavaVirtualMachines\jdk-17.0.2\bin\jli.dll
0x00007ffb28b30000 - 0x00007ffb28cd0000 	C:\WINDOWS\System32\USER32.dll
0x00007ffb270e0000 - 0x00007ffb27102000 	C:\WINDOWS\System32\win32u.dll
0x00007ffb27b80000 - 0x00007ffb27bab000 	C:\WINDOWS\System32\GDI32.dll
0x00007ffb26ce0000 - 0x00007ffb26ded000 	C:\WINDOWS\System32\gdi32full.dll
0x00007ffb27110000 - 0x00007ffb271ad000 	C:\WINDOWS\System32\msvcp_win.dll
0x00007ffb15860000 - 0x00007ffb1587a000 	C:\Java\JavaVirtualMachines\jdk-17.0.2\bin\VCRUNTIME140.dll
0x00007ffb04810000 - 0x00007ffb04aaa000 	C:\WINDOWS\WinSxS\amd64_microsoft.windows.common-controls_6595b64144ccf1df_6.0.19041.1110_none_60b5254171f9507e\COMCTL32.dll
0x00007ffb27d90000 - 0x00007ffb27e2e000 	C:\WINDOWS\System32\msvcrt.dll
0x00007ffb28150000 - 0x00007ffb28180000 	C:\WINDOWS\System32\IMM32.DLL
0x00007ffb15850000 - 0x00007ffb1585c000 	C:\Java\JavaVirtualMachines\jdk-17.0.2\bin\vcruntime140_1.dll
0x00007ffb12a90000 - 0x00007ffb12b1d000 	C:\Java\JavaVirtualMachines\jdk-17.0.2\bin\msvcp140.dll
0x00007ffb138f0000 - 0x00007ffb144b1000 	C:\Java\JavaVirtualMachines\jdk-17.0.2\bin\server\jvm.dll
0x00007ffb28d40000 - 0x00007ffb28dee000 	C:\WINDOWS\System32\ADVAPI32.dll
0x00007ffb29430000 - 0x00007ffb294cc000 	C:\WINDOWS\System32\sechost.dll
0x00007ffb28020000 - 0x00007ffb28145000 	C:\WINDOWS\System32\RPCRT4.dll
0x00007ffb28df0000 - 0x00007ffb28df8000 	C:\WINDOWS\System32\PSAPI.DLL
0x00007ffb1fd30000 - 0x00007ffb1fd39000 	C:\WINDOWS\SYSTEM32\WSOCK32.dll
0x00007ffb28cd0000 - 0x00007ffb28d3b000 	C:\WINDOWS\System32\WS2_32.dll
0x00007ffb01140000 - 0x00007ffb01167000 	C:\WINDOWS\SYSTEM32\WINMM.dll
0x00007ffb1d4e0000 - 0x00007ffb1d4ea000 	C:\WINDOWS\SYSTEM32\VERSION.dll
0x00007ffb24b10000 - 0x00007ffb24b22000 	C:\WINDOWS\SYSTEM32\kernel.appcore.dll
0x00007ffb157d0000 - 0x00007ffb157da000 	C:\Java\JavaVirtualMachines\jdk-17.0.2\bin\jimage.dll
0x00007ffb1a1c0000 - 0x00007ffb1a3a4000 	C:\WINDOWS\SYSTEM32\DBGHELP.DLL
0x00007ffb1a190000 - 0x00007ffb1a1bc000 	C:\WINDOWS\SYSTEM32\dbgcore.DLL
0x00007ffb27050000 - 0x00007ffb270d2000 	C:\WINDOWS\System32\bcryptPrimitives.dll
0x00007ffb157e0000 - 0x00007ffb15805000 	C:\Java\JavaVirtualMachines\jdk-17.0.2\bin\java.dll

dbghelp: loaded successfully - version: 4.0.5 - missing functions: none
symbol engine: initialized successfully - sym options: 0x614 - pdb path: .;C:\Java\JavaVirtualMachines\jdk-17.0.2\bin;C:\WINDOWS\SYSTEM32;C:\WINDOWS\WinSxS\amd64_microsoft.windows.common-controls_6595b64144ccf1df_6.0.19041.1110_none_60b5254171f9507e;C:\Java\JavaVirtualMachines\jdk-17.0.2\bin\server

VM Arguments:
jvm_args: -Dfile.encoding=UTF-8 --module-path=X:\T-Systems\Study\NetbeansProjects\VideoCourse\build\classes 
java_command: Homework.Lesson8.Lesson8_2Test
java_class_path (initial): X:\T-Systems\Study\NetbeansProjects\VideoCourse\build\classes
Launcher Type: SUN_STANDARD

[Global flags]
     intx CICompilerCount                          = 3                                         {product} {ergonomic}
     uint ConcGCThreads                            = 1                                         {product} {ergonomic}
     uint G1ConcRefinementThreads                  = 4                                         {product} {ergonomic}
   size_t G1HeapRegionSize                         = 1048576                                   {product} {ergonomic}
    uintx GCDrainStackTargetSize                   = 64                                        {product} {ergonomic}
   size_t InitialHeapSize                          = 134217728                                 {product} {ergonomic}
   size_t MarkStackSize                            = 4194304                                   {product} {ergonomic}
   size_t MaxHeapSize                              = 2147483648                                {product} {ergonomic}
   size_t MinHeapDeltaBytes                        = 1048576                                   {product} {ergonomic}
   size_t MinHeapSize                              = 8388608                                   {product} {ergonomic}
    uintx NonNMethodCodeHeapSize                   = 5832780                                {pd product} {ergonomic}
    uintx NonProfiledCodeHeapSize                  = 122912730                              {pd product} {ergonomic}
    uintx ProfiledCodeHeapSize                     = 122912730                              {pd product} {ergonomic}
    uintx ReservedCodeCacheSize                    = 251658240                              {pd product} {ergonomic}
     bool SegmentedCodeCache                       = true                                      {product} {ergonomic}
   size_t SoftMaxHeapSize                          = 2147483648                             {manageable} {ergonomic}
     bool UseCompressedClassPointers               = true                           {product lp64_product} {ergonomic}
     bool UseCompressedOops                        = true                           {product lp64_product} {ergonomic}
     bool UseG1GC                                  = true                                      {product} {ergonomic}
     bool UseLargePagesIndividualAllocation        = false                                  {pd product} {ergonomic}

Logging:
Log output configuration:
 #0: stdout all=warning uptime,level,tags
 #1: stderr all=off uptime,level,tags

Environment Variables:
PATH=D:\ProgramData\Anaconda3;D:\ProgramData\Anaconda3\Library\mingw-w64\bin;D:\ProgramData\Anaconda3\Library\usr\bin;D:\ProgramData\Anaconda3\Library\bin;D:\ProgramData\Anaconda3\Scripts;C:\Program Files (x86)\Common Files\Oracle\Java\javapath;C:\WINDOWS\system32;C:\WINDOWS;C:\WINDOWS\System32\Wbem;C:\WINDOWS\System32\WindowsPowerShell\v1.0\;C:\WINDOWS\System32\OpenSSH\;C:\Users\serj\AppData\Local\Microsoft\WindowsApps;;C:\Program Files\JetBrains\IntelliJ IDEA Community Edition 2021.3.2\bin;
USERNAME=serj
OS=Windows_NT
PROCESSOR_IDENTIFIER=Intel64 Family 6 Model 23 Stepping 10, GenuineIntel



---------------  S Y S T E M  ---------------

OS:
 Windows 10 , 64 bit Build 19041 (10.0.19041.1503)
OS uptime: 0 days 0:38 hours

CPU: total 4 (initial active 4) (4 cores per cpu, 1 threads per core) family 6 model 23 stepping 10 microcode 0xa0c, cx8, cmov, fxsr, mmx, sse, sse2, sse3, ssse3, sse4.1, tsc, clflush

Memory: 4k page, system-wide physical 8191M (3099M free)
TotalPageFile size 32767M (AvailPageFile size 61M)
current process WorkingSet (physical memory assigned to process): 10M, peak: 10M
current process commit charge ("private bytes"): 51M, peak: 179M

vm_info: OpenJDK 64-Bit Server VM (17.0.2+8-86) for windows-amd64 JRE (17.0.2+8-86), built on Dec  7 2021 21:49:10 by "mach5one" with MS VC++ 16.8 / 16.9 (VS2019)

END.
